Построение начато 21.12.2017 4:33:11.
     1>Проект "C:\Users\БАЛКАТРОН\Desktop\Read\Game\Game\Game.vcxproj" в узле 2 (целевые объекты build).
     1>InitializeBuildStatus:
         Создание "Debug\Game.unsuccessfulbuild", так как было задано "AlwaysCreate".
       ClCompile:
         C:\Program Files (x86)\Microsoft Visual Studio 10.0\VC\bin\CL.exe /c /I"C:\Users\БАЛКАТРОН\Desktop\Read\SFML-2.3.2\include" /ZI /nologo /W3 /WX- /Od /Oy- /D SFML_DYNAMIC /D WIN32 /D _DEBUG /D _CONSOLE /D _UNICODE /D UNICODE /Gm /EHsc /RTC1 /MDd /GS /fp:precise /Zc:wchar_t /Zc:forScope /Fo"Debug\\" /Fd"Debug\vc100.pdb" /Gd /TP /analyze- /errorReport:prompt main.cpp
         main.cpp
     1>c:\users\балкатрон\desktop\read\game\game\main.cpp(28): warning C4244: аргумент: преобразование "float" в "int", возможна потеря данных
     1>c:\users\балкатрон\desktop\read\game\game\main.cpp(28): warning C4244: аргумент: преобразование "float" в "int", возможна потеря данных
     1>c:\users\балкатрон\desktop\read\game\game\main.cpp(79): warning C4244: инициализация: преобразование "sf::Int64" в "float", возможна потеря данных
     1>c:\users\балкатрон\desktop\read\game\game\main.cpp(93): warning C4305: =: усечение из "double" к "float"
     1>c:\users\балкатрон\desktop\read\game\game\main.cpp(94): warning C4244: +=: преобразование "double" в "float", возможна потеря данных
     1>c:\users\балкатрон\desktop\read\game\game\main.cpp(101): warning C4305: =: усечение из "double" к "float"
     1>c:\users\балкатрон\desktop\read\game\game\main.cpp(102): warning C4244: +=: преобразование "double" в "float", возможна потеря данных
     1>c:\users\балкатрон\desktop\read\game\game\main.cpp(123): warning C4244: аргумент: преобразование "int" в "float", возможна потеря данных
     1>c:\users\балкатрон\desktop\read\game\game\main.cpp(123): warning C4244: аргумент: преобразование "int" в "float", возможна потеря данных
       ManifestResourceCompile:
         Для всех выходных данных обновления не требуется.
       Link:
         C:\Program Files (x86)\Microsoft Visual Studio 10.0\VC\bin\link.exe /ERRORREPORT:PROMPT /OUT:"C:\Users\БАЛКАТРОН\Desktop\Read\Game\Debug\Game.exe" /INCREMENTAL /NOLOGO /LIBPATH:"C:\Users\БАЛКАТРОН\Desktop\Read\SFML-2.3.2\lib" "sfml-graphics-d.lib" "sfml-window-d.lib" "sfml-system-d.lib" kernel32.lib user32.lib gdi32.lib winspool.lib comdlg32.lib advapi32.lib shell32.lib ole32.lib oleaut32.lib uuid.lib odbc32.lib odbccp32.lib /MANIFEST /ManifestFile:"Debug\Game.exe.intermediate.manifest" /MANIFESTUAC:"level='asInvoker' uiAccess='false'" /DEBUG /PDB:"C:\Users\БАЛКАТРОН\Desktop\Read\Game\Debug\Game.pdb" /SUBSYSTEM:CONSOLE /TLBID:1 /DYNAMICBASE /NXCOMPAT /IMPLIB:"C:\Users\БАЛКАТРОН\Desktop\Read\Game\Debug\Game.lib" /MACHINE:X86 Debug\Game.exe.embed.manifest.res
         Debug\main.obj
       Manifest:
         C:\Program Files (x86)\Microsoft SDKs\Windows\v7.0A\bin\mt.exe /nologo /verbose /out:"Debug\Game.exe.embed.manifest" /manifest Debug\Game.exe.intermediate.manifest
         Для всех выходных данных обновления не требуется.
       LinkEmbedManifest:
         Для всех выходных данных обновления не требуется.
         Game.vcxproj -> C:\Users\БАЛКАТРОН\Desktop\Read\Game\Debug\Game.exe
       FinalizeBuildStatus:
         Файл "Debug\Game.unsuccessfulbuild" удаляется.
         Обращение к "Debug\Game.lastbuildstate".
     1>Построение проекта "C:\Users\БАЛКАТРОН\Desktop\Read\Game\Game\Game.vcxproj" завершено (целевые объекты build).

Построение успешно завершено.

Затраченное время: 00:00:01.27
